<?xml version="1.0" encoding="UTF-8"?>
<!-- Generated by org.testng.reporters.JUnitXMLReporter -->
<testsuite ignored="1" hostname="DESKTOP-9UC7ON0" failures="1" tests="2" name="Test" time="35.04" errors="0" timestamp="2022-04-01T22:46:46 IDT">
  <testcase classname="linkedinTest.LoginTest" name="User_Can_login_Successfully" time="14.109"/>
  <testcase classname="linkedinTest.SearchTest" name="User_Can_Search_Successfully" time="20.737">
    <failure type="java.lang.IndexOutOfBoundsException" message="Index 0 out of bounds for length 0">
      <![CDATA[java.lang.IndexOutOfBoundsException: Index 0 out of bounds for length 0
at java.base/jdk.internal.util.Preconditions.outOfBounds(Preconditions.java:64)
at java.base/jdk.internal.util.Preconditions.outOfBoundsCheckIndex(Preconditions.java:70)
at java.base/jdk.internal.util.Preconditions.checkIndex(Preconditions.java:248)
at java.base/java.util.Objects.checkIndex(Objects.java:373)
at java.base/java.util.ArrayList.get(ArrayList.java:426)
at pages.SearchPage.StoreLinksInList(SearchPage.java:38)
at linkedinTest.SearchTest.User_Can_Search_Successfully(SearchTest.java:30)
at java.base/java.util.ArrayList.forEach(ArrayList.java:1510)
... Removed 27 stack frames]]>
    </failure>
  </testcase> <!-- User_Can_Search_Successfully -->
  <testcase classname="linkedinTest.BaseTest" name="@BeforeSuite launchBrowser" time="0.0">
    <ignored/>
  </testcase> <!-- @BeforeSuite launchBrowser -->
</testsuite> <!-- Test -->
