<?xml version="1.0" encoding="UTF-8"?>
<testng-results ignored="1" total="3" passed="1" failed="1" skipped="0">
  <reporter-output>
  </reporter-output>
  <suite started-at="2022-04-01T22:46:11 IDT" name="Suite" finished-at="2022-04-01T22:46:46 IDT" duration-ms="35040">
    <groups>
    </groups>
    <test started-at="2022-04-01T22:46:11 IDT" name="Test" finished-at="2022-04-01T22:46:46 IDT" duration-ms="35040">
      <class name="linkedinTest.LoginTest">
        <test-method is-config="true" signature="launchBrowser()[pri:0, instance:linkedinTest.LoginTest@71809907]" started-at="2022-04-01T22:46:03 IDT" name="launchBrowser" finished-at="2022-04-01T22:46:11 IDT" duration-ms="7896" status="PASS">
          <reporter-output>
          </reporter-output>
        </test-method> <!-- launchBrowser -->
        <test-method signature="User_Can_login_Successfully()[pri:0, instance:linkedinTest.LoginTest@71809907]" started-at="2022-04-01T22:46:11 IDT" name="User_Can_login_Successfully" finished-at="2022-04-01T22:46:25 IDT" duration-ms="14109" status="PASS">
          <reporter-output>
          </reporter-output>
        </test-method> <!-- User_Can_login_Successfully -->
      </class> <!-- linkedinTest.LoginTest -->
      <class name="linkedinTest.SearchTest">
        <test-method signature="User_Can_Search_Successfully(java.lang.String,java.lang.String)[pri:0, instance:linkedinTest.SearchTest@661972b0]" started-at="2022-04-01T22:46:26 IDT" name="User_Can_Search_Successfully" data-provider="csvData" finished-at="2022-04-01T22:46:46 IDT" duration-ms="20737" status="FAIL">
          <params>
            <param index="0">
              <value>
                <![CDATA[Maysam Mahmoud]]>
              </value>
            </param>
            <param index="1">
              <value>
                <![CDATA[People]]>
              </value>
            </param>
          </params>
          <exception class="java.lang.IndexOutOfBoundsException">
            <message>
              <![CDATA[Index 0 out of bounds for length 0]]>
            </message>
            <full-stacktrace>
              <![CDATA[java.lang.IndexOutOfBoundsException: Index 0 out of bounds for length 0
at java.base/jdk.internal.util.Preconditions.outOfBounds(Preconditions.java:64)
at java.base/jdk.internal.util.Preconditions.outOfBoundsCheckIndex(Preconditions.java:70)
at java.base/jdk.internal.util.Preconditions.checkIndex(Preconditions.java:248)
at java.base/java.util.Objects.checkIndex(Objects.java:373)
at java.base/java.util.ArrayList.get(ArrayList.java:426)
at pages.SearchPage.StoreLinksInList(SearchPage.java:38)
at linkedinTest.SearchTest.User_Can_Search_Successfully(SearchTest.java:30)
at java.base/jdk.internal.reflect.NativeMethodAccessorImpl.invoke0(Native Method)
at java.base/jdk.internal.reflect.NativeMethodAccessorImpl.invoke(NativeMethodAccessorImpl.java:62)
at java.base/jdk.internal.reflect.DelegatingMethodAccessorImpl.invoke(DelegatingMethodAccessorImpl.java:43)
at java.base/java.lang.reflect.Method.invoke(Method.java:564)
at org.testng.internal.MethodInvocationHelper.invokeMethod(MethodInvocationHelper.java:133)
at org.testng.internal.TestInvoker.invokeMethod(TestInvoker.java:598)
at org.testng.internal.TestInvoker.invokeTestMethod(TestInvoker.java:173)
at org.testng.internal.MethodRunner.runInSequence(MethodRunner.java:46)
at org.testng.internal.TestInvoker$MethodInvocationAgent.invoke(TestInvoker.java:824)
at org.testng.internal.TestInvoker.invokeTestMethods(TestInvoker.java:146)
at org.testng.internal.TestMethodWorker.invokeTestMethods(TestMethodWorker.java:146)
at org.testng.internal.TestMethodWorker.run(TestMethodWorker.java:128)
at java.base/java.util.ArrayList.forEach(ArrayList.java:1510)
at org.testng.TestRunner.privateRun(TestRunner.java:794)
at org.testng.TestRunner.run(TestRunner.java:596)
at org.testng.SuiteRunner.runTest(SuiteRunner.java:377)
at org.testng.SuiteRunner.runSequentially(SuiteRunner.java:371)
at org.testng.SuiteRunner.privateRun(SuiteRunner.java:332)
at org.testng.SuiteRunner.run(SuiteRunner.java:276)
at org.testng.SuiteRunnerWorker.runSuite(SuiteRunnerWorker.java:53)
at org.testng.SuiteRunnerWorker.run(SuiteRunnerWorker.java:96)
at org.testng.TestNG.runSuitesSequentially(TestNG.java:1212)
at org.testng.TestNG.runSuitesLocally(TestNG.java:1134)
at org.testng.TestNG.runSuites(TestNG.java:1063)
at org.testng.TestNG.run(TestNG.java:1031)
at org.testng.remote.AbstractRemoteTestNG.run(AbstractRemoteTestNG.java:115)
at org.testng.remote.RemoteTestNG.initAndRun(RemoteTestNG.java:251)
at org.testng.remote.RemoteTestNG.main(RemoteTestNG.java:77)
]]>
            </full-stacktrace>
          </exception> <!-- java.lang.IndexOutOfBoundsException -->
          <reporter-output>
          </reporter-output>
        </test-method> <!-- User_Can_Search_Successfully -->
      </class> <!-- linkedinTest.SearchTest -->
    </test> <!-- Test -->
  </suite> <!-- Suite -->
</testng-results>
